<?xml version="1.0" encoding="UTF-8"?>
<testsuite name="proyecto.AppTest" tests="1" skipped="0" failures="0" errors="0" timestamp="2025-04-26T06:05:51" hostname="LAPTOP-A36R5UHB" time="0.014">
  <properties/>
  <testcase name="appHasAGreeting()" classname="proyecto.AppTest" time="0.014"/>
  <system-out><![CDATA[]]></system-out>
  <system-err><![CDATA[]]></system-err>
</testsuite>
